<?xml version="1.0" encoding="UTF-8"?>
<TestRun id="096d3833-3eaa-441d-ad7f-c5c2be93a764" name="skinzz@SKINZZBOOKPC 2012-04-08 20:50:29" runUser="SkinzzBookPC\skinzz" xmlns="http://microsoft.com/schemas/VisualStudio/TeamTest/2010">
  <TestSettings name="Local" id="dc2b75c1-5252-4ea1-800c-2f39e353310a">
    <Description>These are default test settings for a local test run.</Description>
    <Deployment enabled="false" runDeploymentRoot="skinzz_SKINZZBOOKPC 2012-04-08 20_50_29">
      <DeploymentItem filename="C:\CodeProj\SportsStore\SportsStore\packages\Moq.4.0.10827\lib\NET40\Moq.dll" />
      <DeploymentItem filename="C:\CodeProj\SportsStore\SportsStore\packages\EntityFramework.4.3.1\lib\net40\EntityFramework.dll" />
      <DeploymentItem filename="C:\CodeProj\SportsStore\SportsStore\packages\Ninject.3.0.0.15\lib\net40\Ninject.dll" />
      <DeploymentItem filename="C:\CodeProj\SportsStore\SportsStore.Domain\bin\Debug\SportsStore.Domain.dll" />
      <DeploymentItem filename="C:\CodeProj\SportsStore\SportsStore.WebUI\bin\SportsStore.WebUI.dll" />
    </Deployment>
    <Execution>
      <TestTypeSpecific />
      <AgentRule name="Execution Agents">
      </AgentRule>
    </Execution>
  </TestSettings>
  <Times creation="2012-04-08T20:50:29.3730000-04:00" queuing="2012-04-08T20:50:29.4090000-04:00" start="2012-04-08T20:50:29.4360000-04:00" finish="2012-04-08T20:50:29.7110000-04:00" />
  <ResultSummary outcome="Completed">
    <Counters total="1" executed="1" passed="1" error="0" failed="0" timeout="0" aborted="0" inconclusive="0" passedButRunAborted="0" notRunnable="0" notExecuted="0" disconnected="0" warning="0" completed="0" inProgress="0" pending="0" />
  </ResultSummary>
  <TestDefinitions>
    <UnitTest name="Can_Generate_Page_Links" storage="c:\codeproj\sportsstore\sportsstore.unittests\bin\debug\sportsstore.unittests.dll" id="af4224d8-cd45-d986-c80c-707125e7f4f3">
      <Execution id="801e4236-8250-433a-aa11-0ce6e7bae857" />
      <TestMethod codeBase="C:/CodeProj/SportsStore/SportsStore.UnitTests/bin/Debug/SportsStore.UnitTests.DLL" adapterTypeName="Microsoft.VisualStudio.TestTools.TestTypes.Unit.UnitTestAdapter, Microsoft.VisualStudio.QualityTools.Tips.UnitTest.Adapter, Version=10.0.0.0, Culture=neutral, PublicKeyToken=b03f5f7f11d50a3a" className="SportsStore.UnitTests.ProductControllerTest, SportsStore.UnitTests, Version=1.0.0.0, Culture=neutral, PublicKeyToken=null" name="Can_Generate_Page_Links" />
    </UnitTest>
  </TestDefinitions>
  <TestLists>
    <TestList name="Results Not in a List" id="8c84fa94-04c1-424b-9868-57a2d4851a1d" />
    <TestList name="All Loaded Results" id="19431567-8539-422a-85d7-44ee4e166bda" />
  </TestLists>
  <TestEntries>
    <TestEntry testId="af4224d8-cd45-d986-c80c-707125e7f4f3" executionId="801e4236-8250-433a-aa11-0ce6e7bae857" testListId="8c84fa94-04c1-424b-9868-57a2d4851a1d" />
  </TestEntries>
  <Results>
    <UnitTestResult executionId="801e4236-8250-433a-aa11-0ce6e7bae857" testId="af4224d8-cd45-d986-c80c-707125e7f4f3" testName="Can_Generate_Page_Links" computerName="SKINZZBOOKPC" duration="00:00:00.0319764" startTime="2012-04-08T20:50:29.4610000-04:00" endTime="2012-04-08T20:50:29.6910000-04:00" testType="13cdc9d9-ddb5-4fa4-a97d-d965ccfc6d4b" outcome="Passed" testListId="8c84fa94-04c1-424b-9868-57a2d4851a1d" relativeResultsDirectory="801e4236-8250-433a-aa11-0ce6e7bae857">
    </UnitTestResult>
  </Results>
</TestRun>