<?xml version="1.0" encoding="UTF-8"?>
<TestRun id="378eaf6c-6039-4bab-bacf-f74087eadfe6" name="skinzz@SKINZZBOOKPC 2012-04-08 17:02:04" runUser="SkinzzBookPC\skinzz" xmlns="http://microsoft.com/schemas/VisualStudio/TeamTest/2010">
  <TestSettings name="Local" id="dc2b75c1-5252-4ea1-800c-2f39e353310a">
    <Description>These are default test settings for a local test run.</Description>
    <Deployment enabled="false" runDeploymentRoot="skinzz_SKINZZBOOKPC 2012-04-08 17_02_04">
      <DeploymentItem filename="C:\CodeProj\SportsStore\SportsStore\packages\Moq.4.0.10827\lib\NET40\Moq.dll" />
      <DeploymentItem filename="C:\CodeProj\SportsStore\SportsStore\packages\EntityFramework.4.3.1\lib\net40\EntityFramework.dll" />
      <DeploymentItem filename="C:\CodeProj\SportsStore\SportsStore\packages\Ninject.3.0.0.15\lib\net40\Ninject.dll" />
      <DeploymentItem filename="C:\CodeProj\SportsStore\SportsStore.Domain\bin\Debug\SportsStore.Domain.dll" />
      <DeploymentItem filename="C:\CodeProj\SportsStore\SportsStore.WebUI\bin\SportsStore.WebUI.dll" />
    </Deployment>
    <Execution>
      <TestTypeSpecific />
      <AgentRule name="Execution Agents">
      </AgentRule>
    </Execution>
  </TestSettings>
  <Times creation="2012-04-08T17:02:04.2078000-04:00" queuing="2012-04-08T17:02:06.9448000-04:00" start="2012-04-08T17:02:07.1158000-04:00" finish="2012-04-08T17:02:28.4698000-04:00" />
  <ResultSummary outcome="Error">
    <Counters total="1" executed="1" error="0" failed="0" timeout="0" aborted="1" inconclusive="0" passedButRunAborted="0" notRunnable="0" notExecuted="0" disconnected="0" warning="0" passed="0" completed="0" inProgress="0" pending="0" />
    <RunInfos>
      <RunInfo computerName="SKINZZBOOKPC" outcome="Error" timestamp="2012-04-08T17:02:28.4688000-04:00">
        <Text>Test host process exited unexpectedly.</Text>
      </RunInfo>
    </RunInfos>
  </ResultSummary>
  <TestDefinitions>
    <UnitTest name="ListTest" storage="c:\codeproj\sportsstore\sportsstore.unittests\bin\debug\sportsstore.unittests.dll" id="85edf1fd-3b1d-eab7-cf4b-1517b5a5e513">
      <Execution id="24495c79-c689-4a55-b7a8-d30d9d3de462" />
      <TestMethod codeBase="C:/CodeProj/SportsStore/SportsStore.UnitTests/bin/Debug/SportsStore.UnitTests.DLL" adapterTypeName="Microsoft.VisualStudio.TestTools.TestTypes.Unit.UnitTestAdapter, Microsoft.VisualStudio.QualityTools.Tips.UnitTest.Adapter, Version=10.0.0.0, Culture=neutral, PublicKeyToken=b03f5f7f11d50a3a" className="SportsStore.UnitTests.ProductControllerTest, SportsStore.UnitTests, Version=1.0.0.0, Culture=neutral, PublicKeyToken=null" name="ListTest" />
      <AspNet webSiteUrl="http://localhost:49276/">
        <Host pathToWebApp="C:\CodeProj\SportsStore\SportsStore.WebUI" webAppRoot="/" />
      </AspNet>
    </UnitTest>
  </TestDefinitions>
  <TestLists>
    <TestList name="Results Not in a List" id="8c84fa94-04c1-424b-9868-57a2d4851a1d" />
    <TestList name="All Loaded Results" id="19431567-8539-422a-85d7-44ee4e166bda" />
  </TestLists>
  <TestEntries>
    <TestEntry testId="85edf1fd-3b1d-eab7-cf4b-1517b5a5e513" executionId="bf50c317-a707-4ca5-8381-3afc508d34a2" testListId="8c84fa94-04c1-424b-9868-57a2d4851a1d" />
  </TestEntries>
  <Results>
    <UnitTestResult executionId="bf50c317-a707-4ca5-8381-3afc508d34a2" testId="85edf1fd-3b1d-eab7-cf4b-1517b5a5e513" testName="ListTest" computerName="SKINZZBOOKPC" duration="00:00:20.3280000" startTime="2012-04-08T17:02:08.1418000-04:00" endTime="2012-04-08T17:02:28.4698000-04:00" testType="13cdc9d9-ddb5-4fa4-a97d-d965ccfc6d4b" outcome="Aborted" testListId="8c84fa94-04c1-424b-9868-57a2d4851a1d" relativeResultsDirectory="bf50c317-a707-4ca5-8381-3afc508d34a2">
    </UnitTestResult>
  </Results>
</TestRun>